21:02:08 **** Incremental Build of configuration Debug for project AlgoritmoLudmila ****
make all 
Building file: ../src/AlgoritmoLudmila.c
Invoking: GCC C Compiler
gcc -O0 -g3 -Wall -c -fmessage-length=0 -MMD -MP -MF"src/AlgoritmoLudmila.d" -MT"src/AlgoritmoLudmila.o" -o "src/AlgoritmoLudmila.o" "../src/AlgoritmoLudmila.c"
Finished building: ../src/AlgoritmoLudmila.c
 
Building target: AlgoritmoLudmila
Invoking: GCC C Linker
gcc  -o "AlgoritmoLudmila" ./src/AlgoritmoLudmila.o   
Finished building target: AlgoritmoLudmila
 
21:02:14 **** Incremental Build of configuration Debug for project AlgoritmoLudmila ****
make all 
make: No se hace nada para 'all'.
21:02:33 **** Incremental Build of configuration Debug for project AlgoritmoLudmila ****
make all 
Building file: ../src/AlgoritmoLudmila.c
Invoking: GCC C Compiler
gcc -O0 -g3 -Wall -c -fmessage-length=0 -MMD -MP -MF"src/AlgoritmoLudmila.d" -MT"src/AlgoritmoLudmila.o" -o "src/AlgoritmoLudmila.o" "../src/AlgoritmoLudmila.c"
Finished building: ../src/AlgoritmoLudmila.c
 
Building target: AlgoritmoLudmila
Invoking: GCC C Linker
gcc  -o "AlgoritmoLudmila" ./src/AlgoritmoLudmila.o   
Finished building target: AlgoritmoLudmila
 
